Построение начато 18.10.2013 19:20:14.
     1>Проект "C:\Data\Dropbox\C++ Projects\Calcus\Task2\CalcusMod_2\CalcusMod_2.vcxproj" в узле 2 (целевые объекты Build).
     1>ClCompile:
         C:\Program Files\Microsoft Visual Studio 11.0\VC\bin\CL.exe /c /ZI /nologo /W3 /WX- /Od /Oy- /D WIN32 /D _DEBUG /D _WINDOWS /D _UNICODE /D UNICODE /Gm /EHsc /RTC1 /MDd /GS /fp:precise /Zc:wchar_t /Zc:forScope /Fo"Debug\\" /Fd"Debug\vc110.pdb" /Gd /TP /analyze- /errorReport:prompt WinMain.cpp
         WinMain.cpp
     1>c:\data\dropbox\c++ projects\calcus\task2\calcusmod_2\winmain.cpp(86): warning C4018: <: несоответствие типов со знаком и без знака
     1>c:\data\dropbox\c++ projects\calcus\task2\calcusmod_2\winmain.cpp(93): warning C4018: <: несоответствие типов со знаком и без знака
     1>c:\data\dropbox\c++ projects\calcus\task2\calcusmod_2\winmain.cpp(187): warning C4244: аргумент: преобразование "double" в "int", возможна потеря данных
     1>c:\data\dropbox\c++ projects\calcus\task2\calcusmod_2\winmain.cpp(188): warning C4244: аргумент: преобразование "double" в "int", возможна потеря данных
     1>c:\data\dropbox\c++ projects\calcus\task2\calcusmod_2\winmain.cpp(198): warning C4244: аргумент: преобразование "double" в "int", возможна потеря данных
     1>c:\data\dropbox\c++ projects\calcus\task2\calcusmod_2\winmain.cpp(199): warning C4244: аргумент: преобразование "double" в "int", возможна потеря данных
     1>c:\data\dropbox\c++ projects\calcus\task2\calcusmod_2\winmain.cpp(211): warning C4244: аргумент: преобразование "double" в "int", возможна потеря данных
     1>c:\data\dropbox\c++ projects\calcus\task2\calcusmod_2\winmain.cpp(213): warning C4244: аргумент: преобразование "double" в "int", возможна потеря данных
     1>c:\data\dropbox\c++ projects\calcus\task2\calcusmod_2\winmain.cpp(299): warning C4996: 'freopen': This function or variable may be unsafe. Consider using freopen_s instead. To disable deprecation, use _CRT_SECURE_NO_WARNINGS. See online help for details.
                 c:\program files\microsoft visual studio 11.0\vc\include\stdio.h(233): см. объявление "freopen"
       Link:
         C:\Program Files\Microsoft Visual Studio 11.0\VC\bin\link.exe /ERRORREPORT:PROMPT /OUT:"C:\Data\Dropbox\C++ Projects\Calcus\Task2\Debug\CalcusMod_2.exe" /INCREMENTAL /NOLOGO kernel32.lib user32.lib gdi32.lib winspool.lib comdlg32.lib advapi32.lib shell32.lib ole32.lib oleaut32.lib uuid.lib odbc32.lib odbccp32.lib /MANIFEST /MANIFESTUAC:"level='asInvoker' uiAccess='false'" /manifest:embed /DEBUG /PDB:"C:\Data\Dropbox\C++ Projects\Calcus\Task2\Debug\CalcusMod_2.pdb" /SUBSYSTEM:WINDOWS /TLBID:1 /DYNAMICBASE /NXCOMPAT /IMPLIB:"C:\Data\Dropbox\C++ Projects\Calcus\Task2\Debug\CalcusMod_2.lib" /MACHINE:X86 Debug\WinMain.obj
         CalcusMod_2.vcxproj -> C:\Data\Dropbox\C++ Projects\Calcus\Task2\Debug\CalcusMod_2.exe
     1>Построение проекта "C:\Data\Dropbox\C++ Projects\Calcus\Task2\CalcusMod_2\CalcusMod_2.vcxproj" завершено (целевые объекты Build).

Построение успешно завершено.

Затраченное время: 00:00:09.93
