Build started 16.11.2012 0:35:59.
     1>Project "F:\Компмод\предиктор ани\предиктор ани\предиктор ани.vcxproj" on node 2 (build target(s)).
     1>InitializeBuildStatus:
         Creating "Debug\предиктор ани.unsuccessfulbuild" because "AlwaysCreate" was specified.
       ClCompile:
         D:\Program Files (x86)\Microsoft Visual Studio 10.0\VC\bin\CL.exe /c /ZI /nologo /W3 /WX- /Od /Oy- /D _UNICODE /D UNICODE /Gm /EHsc /RTC1 /MDd /GS /fp:precise /Zc:wchar_t /Zc:forScope /Fo"Debug\\" /Fd"Debug\vc100.pdb" /Gd /TP /analyze- /errorReport:prompt 1.cpp
         1.cpp
     1>f:\компмод\предиктор ани\предиктор ани\1.cpp(20): warning C4996: 'fopen': This function or variable may be unsafe. Consider using fopen_s instead. To disable deprecation, use _CRT_SECURE_NO_WARNINGS. See online help for details.
                 d:\program files (x86)\microsoft visual studio 10.0\vc\include\stdio.h(234) : see declaration of 'fopen'
     1>f:\компмод\предиктор ани\предиктор ани\1.cpp(24): warning C4996: 'scanf': This function or variable may be unsafe. Consider using scanf_s instead. To disable deprecation, use _CRT_SECURE_NO_WARNINGS. See online help for details.
                 d:\program files (x86)\microsoft visual studio 10.0\vc\include\stdio.h(304) : see declaration of 'scanf'
     1>f:\компмод\предиктор ани\предиктор ани\1.cpp(26): warning C4996: 'scanf': This function or variable may be unsafe. Consider using scanf_s instead. To disable deprecation, use _CRT_SECURE_NO_WARNINGS. See online help for details.
                 d:\program files (x86)\microsoft visual studio 10.0\vc\include\stdio.h(304) : see declaration of 'scanf'
     1>f:\компмод\предиктор ани\предиктор ани\1.cpp(28): warning C4996: 'scanf': This function or variable may be unsafe. Consider using scanf_s instead. To disable deprecation, use _CRT_SECURE_NO_WARNINGS. See online help for details.
                 d:\program files (x86)\microsoft visual studio 10.0\vc\include\stdio.h(304) : see declaration of 'scanf'
     1>f:\компмод\предиктор ани\предиктор ани\1.cpp(30): warning C4996: 'scanf': This function or variable may be unsafe. Consider using scanf_s instead. To disable deprecation, use _CRT_SECURE_NO_WARNINGS. See online help for details.
                 d:\program files (x86)\microsoft visual studio 10.0\vc\include\stdio.h(304) : see declaration of 'scanf'
       Link:
         D:\Program Files (x86)\Microsoft Visual Studio 10.0\VC\bin\link.exe /ERRORREPORT:PROMPT /OUT:"F:\Компмод\предиктор ани\предиктор ани\Debug\предиктор ани.exe" /NOLOGO kernel32.lib user32.lib gdi32.lib winspool.lib comdlg32.lib advapi32.lib shell32.lib ole32.lib oleaut32.lib uuid.lib odbc32.lib odbccp32.lib /MANIFEST /ManifestFile:"Debug\предиктор ани.exe.intermediate.manifest" /MANIFESTUAC:"level='asInvoker' uiAccess='false'" /DEBUG /PDB:"F:\Компмод\предиктор ани\предиктор ани\Debug\предиктор ани.pdb" /TLBID:1 /DYNAMICBASE /NXCOMPAT /IMPLIB:"F:\Компмод\предиктор ани\предиктор ани\Debug\предиктор ани.lib" /MACHINE:X86 Debug\1.obj
         предиктор ани.vcxproj -> F:\Компмод\предиктор ани\предиктор ани\Debug\предиктор ани.exe
       Manifest:
         C:\Program Files (x86)\Microsoft SDKs\Windows\v7.0A\bin\mt.exe /nologo /verbose /outputresource:"F:\Компмод\предиктор ани\предиктор ани\Debug\предиктор ани.exe;#1" /manifest "Debug\предиктор ани.exe.intermediate.manifest"
       FinalizeBuildStatus:
         Deleting file "Debug\предиктор ани.unsuccessfulbuild".
         Touching "Debug\предиктор ани.lastbuildstate".
     1>Done Building Project "F:\Компмод\предиктор ани\предиктор ани\предиктор ани.vcxproj" (build target(s)).

Build succeeded.

Time Elapsed 00:00:05.39
