C:\DATA\DROPBOX\C++ PROJECTS\CALCUS\CALCUSMOD_2\CALCUSMOD_2\DEBUG\WINMAIN.OBJ
C:\DATA\DROPBOX\C++ PROJECTS\CALCUS\CALCUSMOD_2\CALCUSMOD_2\DEBUG\VC110.PDB
C:\DATA\DROPBOX\C++ PROJECTS\CALCUS\CALCUSMOD_2\DEBUG\CALCUSMOD_2.ILK
C:\DATA\DROPBOX\C++ PROJECTS\CALCUS\CALCUSMOD_2\DEBUG\CALCUSMOD_2.EXE
C:\DATA\DROPBOX\C++ PROJECTS\CALCUS\CALCUSMOD_2\DEBUG\CALCUSMOD_2.PDB
C:\Data\Dropbox\C++ Projects\Calcus\CalcusMod_2\CalcusMod_2\Debug\WinMain.obj
C:\Data\Dropbox\C++ Projects\Calcus\CalcusMod_2\CalcusMod_2\Debug\cl.command.1.tlog
C:\Data\Dropbox\C++ Projects\Calcus\CalcusMod_2\CalcusMod_2\Debug\CL.read.1.tlog
C:\Data\Dropbox\C++ Projects\Calcus\CalcusMod_2\CalcusMod_2\Debug\CL.write.1.tlog
C:\Data\Dropbox\C++ Projects\Calcus\CalcusMod_2\CalcusMod_2\Debug\link-cvtres.read.1.tlog
C:\Data\Dropbox\C++ Projects\Calcus\CalcusMod_2\CalcusMod_2\Debug\link-cvtres.write.1.tlog
C:\Data\Dropbox\C++ Projects\Calcus\CalcusMod_2\CalcusMod_2\Debug\link-rc.read.1.tlog
C:\Data\Dropbox\C++ Projects\Calcus\CalcusMod_2\CalcusMod_2\Debug\link-rc.write.1.tlog
C:\Data\Dropbox\C++ Projects\Calcus\CalcusMod_2\CalcusMod_2\Debug\link.command.1.tlog
C:\Data\Dropbox\C++ Projects\Calcus\CalcusMod_2\CalcusMod_2\Debug\link.read.1.tlog
C:\Data\Dropbox\C++ Projects\Calcus\CalcusMod_2\CalcusMod_2\Debug\link.write.1.tlog
C:\Data\Dropbox\C++ Projects\Calcus\CalcusMod_2\CalcusMod_2\Debug\vc110.idb
C:\Data\Dropbox\C++ Projects\Calcus\CalcusMod_2\CalcusMod_2\Debug\vc110.pdb
C:\Data\Dropbox\C++ Projects\Calcus\CalcusMod_2\Debug\CalcusMod_2.pdb
C:\Data\Dropbox\C++ Projects\Calcus\CalcusMod_2\Debug\CalcusMod_2.exe
C:\Data\Dropbox\C++ Projects\Calcus\CalcusMod_2\Debug\CalcusMod_2.ilk
