Сборка начата 08.11.2013 20:13:27.
     1>Проект "C:\Data\Dropbox\C++ Projects\Calcus\Task1_VS\CalcusMod_2\CalcusMod_2.vcxproj" в узле 2 (целевые объекты Build).
     1>ClCompile:
         C:\Program Files (x86)\Microsoft Visual Studio 12.0\VC\bin\CL.exe /c /ZI /nologo /W3 /WX- /Od /Oy- /D WIN32 /D _DEBUG /D _WINDOWS /D _UNICODE /D UNICODE /Gm /EHsc /RTC1 /MDd /GS /fp:precise /Zc:wchar_t /Zc:forScope /Fo"Debug\\" /Fd"Debug\vc120.pdb" /Gd /TP /analyze- /errorReport:prompt WinMain.cpp
         WinMain.cpp
     1>c:\data\dropbox\c++ projects\calcus\task1_vs\calcusmod_2\winmain.cpp(70): warning C4244: return: преобразование "long double" в "int", возможна потеря данных
     1>c:\data\dropbox\c++ projects\calcus\task1_vs\calcusmod_2\winmain.cpp(322): warning C4244: аргумент: преобразование "ldouble" в "int", возможна потеря данных
     1>c:\data\dropbox\c++ projects\calcus\task1_vs\calcusmod_2\winmain.cpp(323): warning C4244: аргумент: преобразование "ldouble" в "int", возможна потеря данных
     1>c:\data\dropbox\c++ projects\calcus\task1_vs\calcusmod_2\winmain.cpp(333): warning C4244: аргумент: преобразование "ldouble" в "int", возможна потеря данных
     1>c:\data\dropbox\c++ projects\calcus\task1_vs\calcusmod_2\winmain.cpp(334): warning C4244: аргумент: преобразование "ldouble" в "int", возможна потеря данных
     1>c:\data\dropbox\c++ projects\calcus\task1_vs\calcusmod_2\winmain.cpp(344): warning C4244: аргумент: преобразование "ldouble" в "int", возможна потеря данных
     1>c:\data\dropbox\c++ projects\calcus\task1_vs\calcusmod_2\winmain.cpp(346): warning C4244: аргумент: преобразование "ldouble" в "int", возможна потеря данных
     1>c:\data\dropbox\c++ projects\calcus\task1_vs\calcusmod_2\winmain.cpp(353): warning C4244: аргумент: преобразование "ldouble" в "int", возможна потеря данных
     1>c:\data\dropbox\c++ projects\calcus\task1_vs\calcusmod_2\winmain.cpp(355): warning C4244: аргумент: преобразование "ldouble" в "int", возможна потеря данных
     1>c:\data\dropbox\c++ projects\calcus\task1_vs\calcusmod_2\winmain.cpp(444): warning C4996: 'freopen': This function or variable may be unsafe. Consider using freopen_s instead. To disable deprecation, use _CRT_SECURE_NO_WARNINGS. See online help for details.
                 c:\program files (x86)\microsoft visual studio 12.0\vc\include\stdio.h(226): см. объявление "freopen"
     1>c:\data\dropbox\c++ projects\calcus\task1_vs\calcusmod_2\winmain.cpp(445): warning C4996: 'freopen': This function or variable may be unsafe. Consider using freopen_s instead. To disable deprecation, use _CRT_SECURE_NO_WARNINGS. See online help for details.
                 c:\program files (x86)\microsoft visual studio 12.0\vc\include\stdio.h(226): см. объявление "freopen"
     1>c:\data\dropbox\c++ projects\calcus\task1_vs\calcusmod_2\winmain.cpp(449): warning C4244: инициализация: преобразование "long double" в "int", возможна потеря данных
     1>c:\data\dropbox\c++ projects\calcus\task1_vs\calcusmod_2\winmain.cpp(447): warning C4101: d4_analytics: неиспользованная локальная переменная
     1>c:\data\dropbox\c++ projects\calcus\task1_vs\calcusmod_2\winmain.cpp(447): warning C4101: d4: неиспользованная локальная переменная
       Link:
         C:\Program Files (x86)\Microsoft Visual Studio 12.0\VC\bin\link.exe /ERRORREPORT:PROMPT /OUT:"C:\Data\Dropbox\C++ Projects\Calcus\Task1_VS\Debug\CalcusMod_2.exe" /INCREMENTAL /NOLOGO kernel32.lib user32.lib gdi32.lib winspool.lib comdlg32.lib advapi32.lib shell32.lib ole32.lib oleaut32.lib uuid.lib odbc32.lib odbccp32.lib /MANIFEST /MANIFESTUAC:"level='asInvoker' uiAccess='false'" /manifest:embed /DEBUG /PDB:"C:\Data\Dropbox\C++ Projects\Calcus\Task1_VS\Debug\CalcusMod_2.pdb" /SUBSYSTEM:WINDOWS /TLBID:1 /DYNAMICBASE /NXCOMPAT /IMPLIB:"C:\Data\Dropbox\C++ Projects\Calcus\Task1_VS\Debug\CalcusMod_2.lib" /MACHINE:X86 Debug\WinMain.obj
         CalcusMod_2.vcxproj -> C:\Data\Dropbox\C++ Projects\Calcus\Task1_VS\Debug\CalcusMod_2.exe
     1>Сборка проекта "C:\Data\Dropbox\C++ Projects\Calcus\Task1_VS\CalcusMod_2\CalcusMod_2.vcxproj" завершена (целевые объекты Build).

Сборка успешно завершена.

Затраченное время: 00:00:07.21
