Build started 04.10.2012 20:18:40.
     1>Project "C:\Users\Yurka\Documents\Visual Studio 2010\Projects\lol\lol\lol.vcxproj" on node 2 (build target(s)).
     1>InitializeBuildStatus:
         Creating "Debug\lol.unsuccessfulbuild" because "AlwaysCreate" was specified.
       ClCompile:
         C:\Program Files (x86)\Microsoft Visual Studio 10.0\VC\bin\CL.exe /c /ZI /nologo /W3 /WX- /Od /Oy- /D _MBCS /Gm /EHsc /RTC1 /MDd /GS /fp:precise /Zc:wchar_t /Zc:forScope /Fo"Debug\\" /Fd"Debug\vc100.pdb" /Gd /TP /analyze- /errorReport:prompt ds.cpp
         ds.cpp
     1>c:\users\yurka\documents\visual studio 2010\projects\lol\lol\ds.cpp(34): warning C4996: 'fopen': This function or variable may be unsafe. Consider using fopen_s instead. To disable deprecation, use _CRT_SECURE_NO_WARNINGS. See online help for details.
                 c:\program files (x86)\microsoft visual studio 10.0\vc\include\stdio.h(234) : see declaration of 'fopen'
     1>c:\users\yurka\documents\visual studio 2010\projects\lol\lol\ds.cpp(45): warning C4996: 'fopen': This function or variable may be unsafe. Consider using fopen_s instead. To disable deprecation, use _CRT_SECURE_NO_WARNINGS. See online help for details.
                 c:\program files (x86)\microsoft visual studio 10.0\vc\include\stdio.h(234) : see declaration of 'fopen'
       Link:
         C:\Program Files (x86)\Microsoft Visual Studio 10.0\VC\bin\link.exe /ERRORREPORT:PROMPT /OUT:"C:\Users\Yurka\Documents\Visual Studio 2010\Projects\lol\Debug\lol.exe" /NOLOGO kernel32.lib user32.lib gdi32.lib winspool.lib comdlg32.lib advapi32.lib shell32.lib ole32.lib oleaut32.lib uuid.lib odbc32.lib odbccp32.lib /MANIFEST /ManifestFile:"Debug\lol.exe.intermediate.manifest" /MANIFESTUAC:"level='asInvoker' uiAccess='false'" /DEBUG /PDB:"C:\Users\Yurka\Documents\Visual Studio 2010\Projects\lol\Debug\lol.pdb" /TLBID:1 /DYNAMICBASE /NXCOMPAT /IMPLIB:"C:\Users\Yurka\Documents\Visual Studio 2010\Projects\lol\Debug\lol.lib" /MACHINE:X86 Debug\ds.obj
         LINK : C:\Users\Yurka\Documents\Visual Studio 2010\Projects\lol\Debug\lol.exe not found or not built by the last incremental link; performing full link
         lol.vcxproj -> C:\Users\Yurka\Documents\Visual Studio 2010\Projects\lol\Debug\lol.exe
       Manifest:
         C:\Program Files (x86)\Microsoft SDKs\Windows\v7.0A\bin\mt.exe /nologo /verbose /outputresource:"C:\Users\Yurka\Documents\Visual Studio 2010\Projects\lol\Debug\lol.exe;#1" /manifest Debug\lol.exe.intermediate.manifest
       FinalizeBuildStatus:
         Deleting file "Debug\lol.unsuccessfulbuild".
         Touching "Debug\lol.lastbuildstate".
     1>Done Building Project "C:\Users\Yurka\Documents\Visual Studio 2010\Projects\lol\lol\lol.vcxproj" (build target(s)).

Build succeeded.

Time Elapsed 00:00:00.74
